This is pdfTeX, Version 3.141592653-2.6-1.40.22 (TeX Live 2022/dev/Debian) (preloaded format=pdflatex 2023.11.13)  13 NOV 2023 16:54
entering extended mode
 restricted \write18 enabled.
 %&-line parsing enabled.
**Rd2.tex
(./Rd2.tex
LaTeX2e <2021-11-15> patch level 1
L3 programming layer <2022-01-21>
(/usr/share/texlive/texmf-dist/tex/latex/base/book.cls
Document Class: book 2021/10/04 v1.4n Standard LaTeX document class
(/usr/share/texlive/texmf-dist/tex/latex/base/bk10.clo
File: bk10.clo 2021/10/04 v1.4n Standard LaTeX file (size option)
)
\c@part=\count185
\c@chapter=\count186
\c@section=\count187
\c@subsection=\count188
\c@subsubsection=\count189
\c@paragraph=\count190
\c@subparagraph=\count191
\c@figure=\count192
\c@table=\count193
\abovecaptionskip=\skip47
\belowcaptionskip=\skip48
\bibindent=\dimen138
)
(/usr/share/R/share/texmf/tex/latex/Rd.sty
Package: Rd 

(/usr/share/texlive/texmf-dist/tex/latex/base/ifthen.sty
Package: ifthen 2020/11/24 v1.1c Standard LaTeX ifthen package (DPC)
)
(/usr/share/texlive/texmf-dist/tex/latex/tools/longtable.sty
Package: longtable 2021-09-01 v4.17 Multi-page Table package (DPC)
\LTleft=\skip49
\LTright=\skip50
\LTpre=\skip51
\LTpost=\skip52
\LTchunksize=\count194
\LTcapwidth=\dimen139
\LT@head=\box50
\LT@firsthead=\box51
\LT@foot=\box52
\LT@lastfoot=\box53
\LT@gbox=\box54
\LT@cols=\count195
\LT@rows=\count196
\c@LT@tables=\count197
\c@LT@chunks=\count198
\LT@p@ftn=\toks16
)
(/usr/share/texlive/texmf-dist/tex/latex/tools/bm.sty
Package: bm 2021/04/25 v1.2e Bold Symbol Support (DPC/FMi)
\symboldoperators=\mathgroup4
\symboldletters=\mathgroup5
\symboldsymbols=\mathgroup6
Package bm Info: No bold for \OMX/cmex/m/n, using \pmb.
LaTeX Font Info:    Redeclaring math alphabet \mathbf on input line 149.
)
(/usr/share/texlive/texmf-dist/tex/latex/base/alltt.sty
Package: alltt 2021/01/29 v2.0g defines alltt environment
)
(/usr/share/texlive/texmf-dist/tex/latex/tools/verbatim.sty
Package: verbatim 2020-07-07 v1.5u LaTeX2e package for verbatim enhancements
\every@verbatim=\toks17
\verbatim@line=\toks18
\verbatim@in@stream=\read2
)
(/usr/share/texlive/texmf-dist/tex/latex/url/url.sty
\Urlmuskip=\muskip16
Package: url 2013/09/16  ver 3.4  Verb mode for urls, etc.
)
(/usr/share/texlive/texmf-dist/tex/latex/base/textcomp.sty
Package: textcomp 2020/02/02 v2.0n Standard LaTeX package
)
\ldescriptionwidth=\skip53

(/usr/share/texlive/texmf-dist/tex/latex/base/fontenc.sty
Package: fontenc 2021/04/29 v2.0v Standard LaTeX package
)
(/usr/share/texlive/texmf-dist/tex/latex/psnfss/times.sty
Package: times 2020/03/25 PSNFSS-v9.3 (SPQR) 
)
(/usr/share/texlive/texmf-dist/tex/latex/inconsolata/zi4.sty
Package: zi4 2019/05/17 v1.12

`inconsolata-zi4' v1.12, 2019/05/17 Text macros for Inconsolata (msharpe)
(/usr/share/texlive/texmf-dist/tex/latex/xkeyval/xkeyval.sty
Package: xkeyval 2020/11/20 v2.8 package option processing (HA)

(/usr/share/texlive/texmf-dist/tex/generic/xkeyval/xkeyval.tex
(/usr/share/texlive/texmf-dist/tex/generic/xkeyval/xkvutils.tex
\XKV@toks=\toks19
\XKV@tempa@toks=\toks20

(/usr/share/texlive/texmf-dist/tex/generic/xkeyval/keyval.tex))
\XKV@depth=\count199
File: xkeyval.tex 2014/12/03 v2.7a key=value parser (HA)
))
\zifour@ocount=\count266
)
(/usr/share/texlive/texmf-dist/tex/latex/graphics/color.sty
Package: color 2021/12/07 v1.3c Standard LaTeX Color (DPC)

(/usr/share/texlive/texmf-dist/tex/latex/graphics-cfg/color.cfg
File: color.cfg 2016/01/02 v1.6 sample color configuration
)
Package color Info: Driver file: pdftex.def on input line 149.

(/usr/share/texlive/texmf-dist/tex/latex/graphics-def/pdftex.def
File: pdftex.def 2020/10/05 v1.2a Graphics/color driver for pdftex
))
(/usr/share/texlive/texmf-dist/tex/latex/hyperref/hyperref.sty
Package: hyperref 2021-06-07 v7.00m Hypertext links for LaTeX

(/usr/share/texlive/texmf-dist/tex/generic/ltxcmds/ltxcmds.sty
Package: ltxcmds 2020-05-10 v1.25 LaTeX kernel commands for general use (HO)
)
(/usr/share/texlive/texmf-dist/tex/generic/iftex/iftex.sty
Package: iftex 2020/03/06 v1.0d TeX engine tests
)
(/usr/share/texlive/texmf-dist/tex/generic/pdftexcmds/pdftexcmds.sty
Package: pdftexcmds 2020-06-27 v0.33 Utility functions of pdfTeX for LuaTeX (HO
)

(/usr/share/texlive/texmf-dist/tex/generic/infwarerr/infwarerr.sty
Package: infwarerr 2019/12/03 v1.5 Providing info/warning/error messages (HO)
)
Package pdftexcmds Info: \pdf@primitive is available.
Package pdftexcmds Info: \pdf@ifprimitive is available.
Package pdftexcmds Info: \pdfdraftmode found.
)
(/usr/share/texlive/texmf-dist/tex/generic/kvsetkeys/kvsetkeys.sty
Package: kvsetkeys 2019/12/15 v1.18 Key value parser (HO)
)
(/usr/share/texlive/texmf-dist/tex/generic/kvdefinekeys/kvdefinekeys.sty
Package: kvdefinekeys 2019-12-19 v1.6 Define keys (HO)
)
(/usr/share/texlive/texmf-dist/tex/generic/pdfescape/pdfescape.sty
Package: pdfescape 2019/12/09 v1.15 Implements pdfTeX's escape features (HO)
)
(/usr/share/texlive/texmf-dist/tex/latex/hycolor/hycolor.sty
Package: hycolor 2020-01-27 v1.10 Color options for hyperref/bookmark (HO)
)
(/usr/share/texlive/texmf-dist/tex/latex/letltxmacro/letltxmacro.sty
Package: letltxmacro 2019/12/03 v1.6 Let assignment for LaTeX macros (HO)
)
(/usr/share/texlive/texmf-dist/tex/latex/auxhook/auxhook.sty
Package: auxhook 2019-12-17 v1.6 Hooks for auxiliary files (HO)
)
(/usr/share/texlive/texmf-dist/tex/latex/kvoptions/kvoptions.sty
Package: kvoptions 2020-10-07 v3.14 Key value format for package options (HO)
)
\@linkdim=\dimen140
\Hy@linkcounter=\count267
\Hy@pagecounter=\count268

(/usr/share/texlive/texmf-dist/tex/latex/hyperref/pd1enc.def
File: pd1enc.def 2021-06-07 v7.00m Hyperref: PDFDocEncoding definition (HO)
Now handling font encoding PD1 ...
... no UTF-8 mapping file for font encoding PD1
)
(/usr/share/texlive/texmf-dist/tex/latex/hyperref/hyperref-langpatches.def
File: hyperref-langpatches.def 2021-06-07 v7.00m Hyperref: patches for babel la
nguages
)
(/usr/share/texlive/texmf-dist/tex/generic/intcalc/intcalc.sty
Package: intcalc 2019/12/15 v1.3 Expandable calculations with integers (HO)
)
(/usr/share/texlive/texmf-dist/tex/generic/etexcmds/etexcmds.sty
Package: etexcmds 2019/12/15 v1.7 Avoid name clashes with e-TeX commands (HO)
)
\Hy@SavedSpaceFactor=\count269

(/usr/share/texlive/texmf-dist/tex/latex/hyperref/puenc.def
File: puenc.def 2021-06-07 v7.00m Hyperref: PDF Unicode definition (HO)
Now handling font encoding PU ...
... no UTF-8 mapping file for font encoding PU
)
Package hyperref Info: Hyper figures OFF on input line 4192.
Package hyperref Info: Link nesting OFF on input line 4197.
Package hyperref Info: Hyper index ON on input line 4200.
Package hyperref Info: Plain pages OFF on input line 4207.
Package hyperref Info: Backreferencing OFF on input line 4212.
Package hyperref Info: Implicit mode ON; LaTeX internals redefined.
Package hyperref Info: Bookmarks ON on input line 4445.
\c@Hy@tempcnt=\count270
LaTeX Info: Redefining \url on input line 4804.
\XeTeXLinkMargin=\dimen141

(/usr/share/texlive/texmf-dist/tex/generic/bitset/bitset.sty
Package: bitset 2019/12/09 v1.3 Handle bit-vector datatype (HO)

(/usr/share/texlive/texmf-dist/tex/generic/bigintcalc/bigintcalc.sty
Package: bigintcalc 2019/12/15 v1.5 Expandable calculations on big integers (HO
)
))
\Fld@menulength=\count271
\Field@Width=\dimen142
\Fld@charsize=\dimen143
Package hyperref Info: Hyper figures OFF on input line 6076.
Package hyperref Info: Link nesting OFF on input line 6081.
Package hyperref Info: Hyper index ON on input line 6084.
Package hyperref Info: backreferencing OFF on input line 6091.
Package hyperref Info: Link coloring OFF on input line 6096.
Package hyperref Info: Link coloring with OCG OFF on input line 6101.
Package hyperref Info: PDF/A mode OFF on input line 6106.
LaTeX Info: Redefining \ref on input line 6146.
LaTeX Info: Redefining \pageref on input line 6150.

(/usr/share/texlive/texmf-dist/tex/latex/base/atbegshi-ltx.sty
Package: atbegshi-ltx 2021/01/10 v1.0c Emulation of the original atbegshi
package with kernel methods
)
\Hy@abspage=\count272
\c@Item=\count273
\c@Hfootnote=\count274
)
Package hyperref Info: Driver (autodetected): hpdftex.

(/usr/share/texlive/texmf-dist/tex/latex/hyperref/hpdftex.def
File: hpdftex.def 2021-06-07 v7.00m Hyperref driver for pdfTeX

(/usr/share/texlive/texmf-dist/tex/latex/base/atveryend-ltx.sty
Package: atveryend-ltx 2020/08/19 v1.0a Emulation of the original atveryend pac
kage
with kernel methods
)
\Fld@listcount=\count275
\c@bookmark@seq@number=\count276

(/usr/share/texlive/texmf-dist/tex/latex/rerunfilecheck/rerunfilecheck.sty
Package: rerunfilecheck 2019/12/05 v1.9 Rerun checks for auxiliary files (HO)

(/usr/share/texlive/texmf-dist/tex/generic/uniquecounter/uniquecounter.sty
Package: uniquecounter 2019/12/15 v1.4 Provide unlimited unique counter (HO)
)
Package uniquecounter Info: New unique counter `rerunfilecheck' on input line 2
86.
)
\Hy@SectionHShift=\skip54
)

Package hyperref Warning: Option `hyperindex' has already been used,
(hyperref)                setting the option has no effect on input line 377.

Package hyperref Info: Option `colorlinks' set `true' on input line 377.

Package hyperref Warning: Option `pagebackref' has already been used,
(hyperref)                setting the option has no effect on input line 377.

Package hyperref Info: Option `linktocpage' set `true' on input line 377.
Package hyperref Info: Option `plainpages' set `false' on input line 377.
) (/usr/share/texlive/texmf-dist/tex/latex/base/makeidx.sty
Package: makeidx 2021/10/04 v1.0m Standard LaTeX package
)
(/usr/share/texlive/texmf-dist/tex/latex/base/inputenc.sty
Package: inputenc 2021/02/14 v1.3d Input encoding file
\inpenc@prehook=\toks21
\inpenc@posthook=\toks22
)
\@indexfile=\write3
\openout3 = `Rd2.idx'.


Writing index file Rd2.idx
LaTeX Font Info:    Trying to load font information for T1+ptm on input line 8.

(/usr/share/texlive/texmf-dist/tex/latex/psnfss/t1ptm.fd
File: t1ptm.fd 2001/06/04 font definitions for T1/ptm.
)
(/usr/share/texlive/texmf-dist/tex/latex/l3backend/l3backend-pdftex.def
File: l3backend-pdftex.def 2022-01-12 L3 backend support: PDF output (pdfTeX)
\l__color_backend_stack_int=\count277
\l__pdf_internal_box=\box55
)
(./Rd2.aux)
\openout1 = `Rd2.aux'.

LaTeX Font Info:    Checking defaults for OML/cmm/m/it on input line 8.
LaTeX Font Info:    ... okay on input line 8.
LaTeX Font Info:    Checking defaults for OMS/cmsy/m/n on input line 8.
LaTeX Font Info:    ... okay on input line 8.
LaTeX Font Info:    Checking defaults for OT1/cmr/m/n on input line 8.
LaTeX Font Info:    ... okay on input line 8.
LaTeX Font Info:    Checking defaults for T1/cmr/m/n on input line 8.
LaTeX Font Info:    ... okay on input line 8.
LaTeX Font Info:    Checking defaults for TS1/cmr/m/n on input line 8.
LaTeX Font Info:    ... okay on input line 8.
LaTeX Font Info:    Checking defaults for OMX/cmex/m/n on input line 8.
LaTeX Font Info:    ... okay on input line 8.
LaTeX Font Info:    Checking defaults for U/cmr/m/n on input line 8.
LaTeX Font Info:    ... okay on input line 8.
LaTeX Font Info:    Checking defaults for PD1/pdf/m/n on input line 8.
LaTeX Font Info:    ... okay on input line 8.
LaTeX Font Info:    Checking defaults for PU/pdf/m/n on input line 8.
LaTeX Font Info:    ... okay on input line 8.
 (/usr/share/texlive/texmf-dist/tex/context/base/mkii/supp-pdf.mkii
[Loading MPS to PDF converter (version 2006.09.02).]
\scratchcounter=\count278
\scratchdimen=\dimen144
\scratchbox=\box56
\nofMPsegments=\count279
\nofMParguments=\count280
\everyMPshowfont=\toks23
\MPscratchCnt=\count281
\MPscratchDim=\dimen145
\MPnumerator=\count282
\makeMPintoPDFobject=\count283
\everyMPtoPDFconversion=\toks24
)
Package hyperref Info: Link coloring ON on input line 8.
 (/usr/share/texlive/texmf-dist/tex/latex/hyperref/nameref.sty
Package: nameref 2021-04-02 v2.47 Cross-referencing by name of section

(/usr/share/texlive/texmf-dist/tex/latex/refcount/refcount.sty
Package: refcount 2019/12/15 v3.6 Data extraction from label references (HO)
)
(/usr/share/texlive/texmf-dist/tex/generic/gettitlestring/gettitlestring.sty
Package: gettitlestring 2019/12/15 v1.6 Cleanup title references (HO)
)
\c@section@level=\count284
)
LaTeX Info: Redefining \ref on input line 8.
LaTeX Info: Redefining \pageref on input line 8.
LaTeX Info: Redefining \nameref on input line 8.

(./Rd2.out) (./Rd2.out)
\@outlinefile=\write4
\openout4 = `Rd2.out'.

LaTeX Font Info:    Trying to load font information for T1+zi4 on input line 19
.

(/usr/share/texlive/texmf-dist/tex/latex/inconsolata/t1zi4.fd
File: t1zi4.fd 2018/01/14 T1/zi4 (Inconsolata)
)
LaTeX Font Info:    Font shape `T1/zi4/m/n' will be
(Font)              scaled to size 10.0pt on input line 19.
LaTeX Font Info:    External font `cmex10' loaded for size
(Font)              <7> on input line 26.
LaTeX Font Info:    External font `cmex10' loaded for size
(Font)              <5> on input line 26.
LaTeX Font Info:    Trying to load font information for T1+phv on input line 41
.

(/usr/share/texlive/texmf-dist/tex/latex/psnfss/t1phv.fd
File: t1phv.fd 2020/03/25 scalable font definitions for T1/phv.
) (./Rd2.toc [1


{/var/lib/texmf/fonts/map/pdftex/updmap/pdftex.map}])
\tf@toc=\write5
\openout5 = `Rd2.toc'.


Overfull \hbox (4.73999pt too wide) in paragraph at lines 51--51
 []\T1/zi4/m/n/10 consensus_detection(detection, by = "overlap", filter = "max"
, cores = 1, pb = TRUE) 
 []


Overfull \hbox (39.27725pt too wide) in paragraph at lines 57--58
[]\T1/ptm/m/n/10 Data frame or se-lec-tion ta-ble (us-ing the war-bleR pack-age
's for-mat, see [][]\T1/zi4/m/n/10 selection_table[][][]\T1/ptm/m/n/10 )
 []

[2]
LaTeX Font Info:    Font shape `T1/zi4/m/n' will be
(Font)              scaled to size 9.0pt on input line 93.
LaTeX Font Info:    Trying to load font information for TS1+zi4 on input line 1
01.
 (/usr/share/texlive/texmf-dist/tex/latex/inconsolata/ts1zi4.fd
File: ts1zi4.fd 2018/01/14 TS1/zi4 (Inconsolata)
)
LaTeX Font Info:    Font shape `TS1/zi4/m/n' will be
(Font)              scaled to size 9.0pt on input line 101.
 [3]
Overfull \hbox (94.01657pt too wide) in paragraph at lines 160--161
\T1/ptm/m/n/10 events ("mean.duration.true.positives", "mean.duration.false.pos
itives", "mean.duration.false.negatives"
 []


Overfull \hbox (9.01805pt too wide) in paragraph at lines 160--161
\T1/ptm/m/n/10 and "pro-por-tional.duration.true.positives") are re-turned (if 
\T1/zi4/m/n/10 TRUE\T1/ptm/m/n/10 ). De-fault is \T1/zi4/m/n/10 FALSE\T1/ptm/m/
n/10 . 
 []

[4]
Overfull \hbox (44.88693pt too wide) in paragraph at lines 171--172
\T1/ptm/m/n/10 mean.duration.false.positives, mean.duration.false.positives, me
an.duration.false.negatives,
 []

LaTeX Font Info:    Trying to load font information for TS1+ptm on input line 1
85.
(/usr/share/texlive/texmf-dist/tex/latex/psnfss/ts1ptm.fd
File: ts1ptm.fd 2001/06/04 font definitions for TS1/ptm.
) [5] [6]
Overfull \hbox (16.39984pt too wide) in paragraph at lines 275--275
 []\T1/zi4/m/n/10 energy_detector(files = NULL, envelopes = NULL, path = ".", h
op.size = 11.6, wl = NULL, 
 []

[7]
Overfull \hbox (1.2381pt too wide) in paragraph at lines 283--284
\T1/ptm/m/n/10 ported for-mat sound files in the work-ing di-rec-tory. Sup-port
ed file for-mats:'.wav',
 []

[8]
Overfull \hbox (4.05801pt too wide) in paragraph at lines 311--314
\T1/ptm/m/n/10 events to be de-tected. It re-moves sound events be-low that thr
esh-old. If 'hold.time'
 []


Overfull \hbox (3.44829pt too wide) in paragraph at lines 315--318
\T1/ptm/m/n/10 events to be de-tected. It re-moves sound events above that thre
sh-old. If 'hold.time'
 []

[9]
Overfull \hbox (8.24101pt too wide) in paragraph at lines 385--385
 []\T1/zi4/m/n/9 detec <- energy_detector(envelopes = envs, threshold = 10, hol
d.time = 150, min.duration = 50)[] 
 []

[10]
Overfull \hbox (18.74408pt too wide) in paragraph at lines 399--399
 [] \T1/zi4/m/n/9 detec <- energy_detector(files = c("lbh1.flac", "lbh2.flac"),
 path = tempdir(), threshold = 60,[] 
 []

[11] [12] [13] [14] [15]
Overfull \hbox (21.95842pt too wide) in paragraph at lines 626--627
\T1/ptm/m/n/10 tected and 'over-lap' which refers to the amount over-lap to the
 ref-er-ence sound. See [][]\T1/zi4/m/n/10 diagnose_detection[][][]
 []

[16] [17] [18] [19] [20] [21]
Overfull \hbox (19.72977pt too wide) in paragraph at lines 937--937
 [] \T1/zi4/m/n/10 by.sound.file = FALSE, bp = NULL, path = ".", previous.outpu
t = NULL, envelopes = NULL,[] 
 []

[22]
Overfull \hbox (3.00865pt too wide) in paragraph at lines 953--954
\T1/ptm/m/n/10 pres-sure level (in deci-bels) across the sound event (see [][]\
T1/zi4/m/n/10 sound_pressure_level[][][]\T1/ptm/m/n/10 ).
 []

[23]
Overfull \hbox (44.88693pt too wide) in paragraph at lines 994--995
\T1/ptm/m/n/10 mean.duration.false.positives, mean.duration.false.positives, me
an.duration.false.negatives,
 []

[24] [25]
Underfull \vbox (badness 3803) has occurred while \output is active []

 [26]
Overfull \hbox (3.4384pt too wide) in paragraph at lines 1111--1112
[]\T1/ptm/m/n/10 An ob-ject of class 'tem-plate_correlations' (gen-er-ated by [
][]\T1/zi4/m/n/10 template_correlator[][][]\T1/ptm/m/n/10 )
 []


Overfull \hbox (44.88693pt too wide) in paragraph at lines 1126--1127
\T1/ptm/m/n/10 mean.duration.false.positives, mean.duration.false.positives, me
an.duration.false.negatives,
 []

[27]
Overfull \hbox (41.40701pt too wide) in paragraph at lines 1133--1134
[]\T1/ptm/m/n/10 This func-tion takes a a ref-er-ence data frame or 'se-lec-tio
n_table' ('X') and the out-put of [][]\T1/zi4/m/n/10 template_correlator[][][]
 []

[28] [29]
Overfull \hbox (21.41006pt too wide) in paragraph at lines 1218--1218
 []\T1/zi4/m/n/10 plot_detection(reference, detection, mid.point = FALSE, size 
= 20, positions = c(1, 2)) 
 []

[30] [31]
Overfull \hbox (22.01743pt too wide) in paragraph at lines 1331--1334
[]\T1/ptm/m/n/10 'selection_table' ob-ject or a data frame with columns for sou
nd file name (sound.files),
 []


Overfull \hbox (17.17825pt too wide) in paragraph at lines 1342--1343
[]\T1/ptm/m/n/10 Wave files for each seg-ment in the work-ing di-rec-tory (if \
T1/zi4/m/n/10 only.sels = FALSE\T1/ptm/m/n/10 , named as 'sound.file.name-
 []

[32] [33]
Overfull \hbox (34.85762pt too wide) in paragraph at lines 1447--1448
[]\T1/ptm/m/n/10 A data frame with the out-put of a de-tec-tion op-ti-miza-tion
 func-tion ([][]\T1/zi4/m/n/10 diagnose_detection[][][]\T1/ptm/m/n/10 ,
 []

[34]
Overfull \hbox (94.01657pt too wide) in paragraph at lines 1449--1450
\T1/ptm/m/n/10 events ("mean.duration.true.positives", "mean.duration.false.pos
itives", "mean.duration.false.negatives"
 []


Overfull \hbox (9.01805pt too wide) in paragraph at lines 1449--1450
\T1/ptm/m/n/10 and "pro-por-tional.duration.true.positives") are re-turned (if 
\T1/zi4/m/n/10 TRUE\T1/ptm/m/n/10 ). De-fault is \T1/zi4/m/n/10 FALSE\T1/ptm/m/
n/10 . 
 []


Overfull \hbox (44.88693pt too wide) in paragraph at lines 1451--1452
\T1/ptm/m/n/10 mean.duration.false.positives, mean.duration.false.positives, me
an.duration.false.negatives,
 []

[35] [36] [37]
LaTeX Font Info:    Font shape `TS1/zi4/m/n' will be
(Font)              scaled to size 10.0pt on input line 1598.
 [38] [39] [40]
Overfull \hbox (0.74408pt too wide) in paragraph at lines 1685--1685
 []  \T1/zi4/m/n/9 (tc_ma <- template_correlator(templates = templ, path = temp
dir(), type = "mel-auditory"))[] 
 []

Package textcomp Info: Symbol \textasciigrave not provided by
(textcomp)             font family zi4 in TS1 encoding.
(textcomp)             Default family used instead on input line 1694.
LaTeX Font Info:    Trying to load font information for T1+cmtt on input line 1
694.
(/usr/share/texlive/texmf-dist/tex/latex/base/t1cmtt.fd
File: t1cmtt.fd 2019/12/16 v2.5j Standard LaTeX font definitions
)
LaTeX Font Info:    Trying to load font information for TS1+cmtt on input line 
1694.

(/usr/share/texlive/texmf-dist/tex/latex/base/ts1cmtt.fd
File: ts1cmtt.fd 2019/12/16 v2.5j Standard LaTeX font definitions
)
Package textcomp Info: Symbol \textasciigrave not provided by
(textcomp)             font family zi4 in TS1 encoding.
(textcomp)             Default family used instead on input line 1694.
Package textcomp Info: Symbol \textasciigrave not provided by
(textcomp)             font family zi4 in TS1 encoding.
(textcomp)             Default family used instead on input line 1695.
Package textcomp Info: Symbol \textasciigrave not provided by
(textcomp)             font family zi4 in TS1 encoding.
(textcomp)             Default family used instead on input line 1695.
Package textcomp Info: Symbol \textasciigrave not provided by
(textcomp)             font family zi4 in TS1 encoding.
(textcomp)             Default family used instead on input line 1700.
Package textcomp Info: Symbol \textasciigrave not provided by
(textcomp)             font family zi4 in TS1 encoding.
(textcomp)             Default family used instead on input line 1700.
Package textcomp Info: Symbol \textasciigrave not provided by
(textcomp)             font family zi4 in TS1 encoding.
(textcomp)             Default family used instead on input line 1701.
Package textcomp Info: Symbol \textasciigrave not provided by
(textcomp)             font family zi4 in TS1 encoding.
(textcomp)             Default family used instead on input line 1701.
Package textcomp Info: Symbol \textasciigrave not provided by
(textcomp)             font family zi4 in TS1 encoding.
(textcomp)             Default family used instead on input line 1706.
Package textcomp Info: Symbol \textasciigrave not provided by
(textcomp)             font family zi4 in TS1 encoding.
(textcomp)             Default family used instead on input line 1706.
Package textcomp Info: Symbol \textasciigrave not provided by
(textcomp)             font family zi4 in TS1 encoding.
(textcomp)             Default family used instead on input line 1707.
Package textcomp Info: Symbol \textasciigrave not provided by
(textcomp)             font family zi4 in TS1 encoding.
(textcomp)             Default family used instead on input line 1707.

Overfull \hbox (5.24408pt too wide) in paragraph at lines 1716--1716
 []  \T1/zi4/m/n/9 tc_fr_est <- template_correlator(templates = templ_est, path
 = tempdir(), type = "fourier")[] 
 []

Package textcomp Info: Symbol \textasciigrave not provided by
(textcomp)             font family zi4 in TS1 encoding.
(textcomp)             Default family used instead on input line 1720.
Package textcomp Info: Symbol \textasciigrave not provided by
(textcomp)             font family zi4 in TS1 encoding.
(textcomp)             Default family used instead on input line 1720.
Package textcomp Info: Symbol \textasciigrave not provided by
(textcomp)             font family zi4 in TS1 encoding.
(textcomp)             Default family used instead on input line 1721.
Package textcomp Info: Symbol \textasciigrave not provided by
(textcomp)             font family zi4 in TS1 encoding.
(textcomp)             Default family used instead on input line 1721.
[41]
Overfull \hbox (33.48878pt too wide) in paragraph at lines 1730--1731
[]\T1/zi4/m/n/10 template_detector \T1/ptm/m/n/10 find sound event oc-cur-rence
s in cross-correlation vec-tors from [][]\T1/zi4/m/n/10 template_correlator[][]
[] 
 []


Overfull \hbox (2.32841pt too wide) in paragraph at lines 1742--1743
[]\T1/ptm/m/n/10 object of class 'tem-plate_correlations' gen-er-ated by [][]\T
1/zi4/m/n/10 template_correlator[][][] \T1/ptm/m/n/10 con-
 []

[42] (./Rd2.ind [43] [44

]) (./Rd2.aux)
Package rerunfilecheck Info: File `Rd2.out' has not changed.
(rerunfilecheck)             Checksum: 897BE1B38430B1B0D50718A28F81D7E6;2964.
 ) 
Here is how much of TeX's memory you used:
 9444 strings out of 480247
 147005 string characters out of 5896150
 432767 words of memory out of 5000000
 26968 multiletter control sequences out of 15000+600000
 505010 words of font info for 66 fonts, out of 8000000 for 9000
 14 hyphenation exceptions out of 8191
 77i,6n,79p,1019b,619s stack positions out of 5000i,500n,10000p,200000b,80000s
pdfTeX warning (dest): name{Rfn.full.Rul.spectrograms} has been referenced bu
t does not exist, replaced by a fixed one

pdfTeX warning (dest): name{Rfn.melfcc} has been referenced but does not exist,
 replaced by a fixed one

pdfTeX warning (dest): name{Rfn.cor} has been referenced but does not exist, re
placed by a fixed one

pdfTeX warning (dest): name{Rfn.ftwindow} has been referenced but does not exis
t, replaced by a fixed one

pdfTeX warning (dest): name{Rfn.cut.Rul.sels} has been referenced but does not 
exist, replaced by a fixed one

pdfTeX warning (dest): name{Rfn.spectro} has been referenced but does not exist
, replaced by a fixed one

pdfTeX warning (dest): name{Rfn.prcomp} has been referenced but does not exist,
 replaced by a fixed one

pdfTeX warning (dest): name{Rfn.spectro.Rul.analysis} has been referenced but d
oes not exist, replaced by a fixed one

pdfTeX warning (dest): name{Rfn.sound.Rul.pressure.Rul.level} has been referenc
ed but does not exist, replaced by a fixed one

pdfTeX warning (dest): name{Rfn.env} has been referenced but does not exist, re
placed by a fixed one

pdfTeX warning (dest): name{Rfn.envelope} has been referenced but does not exis
t, replaced by a fixed one

pdfTeX warning (dest): name{Rfn.ffilter} has been referenced but does not exist
, replaced by a fixed one

pdfTeX warning (dest): name{Rfn.approx} has been referenced but does not exist,
 replaced by a fixed one

pdfTeX warning (dest): name{Rfn.selection.Rul.table} has been referenced but do
es not exist, replaced by a fixed one

 </home/marce/.texlive2021/texmf-var/fonts/pk/ljfour/jknappen/ec/tctt0900.600pk
>{/usr/share/texlive/texmf-dist/fonts/enc/dvips/inconsolata/i4-ts1.enc}{/usr/sh
are/texlive/texmf-dist/fonts/enc/dvips/base/8r.enc}{/usr/share/texlive/texmf-di
st/fonts/enc/dvips/inconsolata/i4-t1-0.enc}</usr/share/texlive/texmf-dist/fonts
/type1/public/inconsolata/Inconsolata-zi4r.pfb></usr/share/texlive/texmf-dist/f
onts/type1/public/amsfonts/cm/cmsy10.pfb></usr/share/texlive/texmf-dist/fonts/t
ype1/urw/helvetic/uhvr8a.pfb></usr/share/texlive/texmf-dist/fonts/type1/urw/tim
es/utmb8a.pfb></usr/share/texlive/texmf-dist/fonts/type1/urw/times/utmr8a.pfb><
/usr/share/texlive/texmf-dist/fonts/type1/urw/times/utmr8a.pfb></usr/share/texl
ive/texmf-dist/fonts/type1/urw/times/utmri8a.pfb>
Output written on Rd2.pdf (44 pages, 195549 bytes).
PDF statistics:
 825 PDF objects out of 1000 (max. 8388607)
 755 compressed objects within 8 object streams
 267 named destinations out of 1000 (max. 500000)
 169 words of extra memory for PDF output out of 10000 (max. 10000000)

